#
# There is insufficient memory for the Java Runtime Environment to continue.
# Native memory allocation (malloc) failed to allocate 240560 bytes for Chunk::new
# Possible reasons:
#   The system is out of physical RAM or swap space
#   In 32 bit mode, the process size limit was hit
# Possible solutions:
#   Reduce memory load on the system
#   Increase physical memory or swap space
#   Check if swap backing store is full
#   Use 64 bit Java on a 64 bit OS
#   Decrease Java heap size (-Xmx/-Xms)
#   Decrease number of Java threads
#   Decrease Java thread stack sizes (-Xss)
#   Set larger code cache with -XX:ReservedCodeCacheSize=
# This output file may be truncated or incomplete.
#
#  Out of Memory Error (allocation.cpp:390), pid=7660, tid=9792
#
# JRE version: Java(TM) SE Runtime Environment (8.0_66-b18) (build 1.8.0_66-b18)
# Java VM: Java HotSpot(TM) 64-Bit Server VM (25.66-b18 mixed mode windows-amd64 compressed oops)
# Failed to write core dump. Minidumps are not enabled by default on client versions of Windows
#

---------------  T H R E A D  ---------------

Current thread (0x00000000058db800):  JavaThread "C2 CompilerThread0" daemon [_thread_in_native, id=9792, stack(0x0000000007570000,0x0000000007670000)]

Stack: [0x0000000007570000,0x0000000007670000]
[error occurred during error reporting (printing stack bounds), id 0xc0000005]

Native frames: (J=compiled Java code, j=interpreted, Vv=VM code, C=native code)


Current CompileTask:
C2:   8667 1356       4       com.android.dx.dex.code.OutputFinisher::addConstants (93 bytes)


---------------  P R O C E S S  ---------------

Java Threads: ( => current thread )
  0x0000000007a4c800 JavaThread "pool-1-thread-1" [_thread_in_Java, id=404, stack(0x0000000009b40000,0x0000000009c40000)]
  0x0000000007875800 JavaThread "Service Thread" daemon [_thread_blocked, id=6512, stack(0x0000000007c70000,0x0000000007d70000)]
  0x000000000593b800 JavaThread "C1 CompilerThread2" daemon [_thread_blocked, id=2656, stack(0x0000000007770000,0x0000000007870000)]
  0x00000000058df800 JavaThread "C2 CompilerThread1" daemon [_thread_blocked, id=1584, stack(0x0000000007670000,0x0000000007770000)]
=>0x00000000058db800 JavaThread "C2 CompilerThread0" daemon [_thread_in_native, id=9792, stack(0x0000000007570000,0x0000000007670000)]
  0x00000000058da800 JavaThread "Attach Listener" daemon [_thread_blocked, id=2236, stack(0x0000000007470000,0x0000000007570000)]
  0x00000000058d9000 JavaThread "Signal Dispatcher" daemon [_thread_blocked, id=5156, stack(0x0000000007370000,0x0000000007470000)]
  0x0000000002200800 JavaThread "Finalizer" daemon [_thread_blocked, id=4568, stack(0x0000000006b40000,0x0000000006c40000)]
  0x00000000021fd000 JavaThread "Reference Handler" daemon [_thread_blocked, id=3720, stack(0x0000000006a40000,0x0000000006b40000)]
  0x0000000002110800 JavaThread "main" [_thread_blocked, id=956, stack(0x0000000001f10000,0x0000000002010000)]

Other Threads:
  0x00000000058a7800 VMThread [stack: 0x0000000006940000,0x0000000006a40000] [id=3148]
  0x000000000788a000 WatcherThread [stack: 0x0000000007d70000,0x0000000007e70000] [id=5960]

VM state:not at safepoint (normal execution)

VM Mutex/Monitor currently owned by a thread: None

Heap:
 PSYoungGen      total 34304K, used 9252K [0x00000000eab00000, 0x00000000ecf00000, 0x0000000100000000)
  eden space 31744K, 21% used [0x00000000eab00000,0x00000000eb1911c0,0x00000000eca00000)
  from space 2560K, 98% used [0x00000000ecc80000,0x00000000ecef8028,0x00000000ecf00000)
  to   space 2560K, 0% used [0x00000000eca00000,0x00000000eca00000,0x00000000ecc80000)
 ParOldGen       total 42496K, used 4092K [0x00000000c0000000, 0x00000000c2980000, 0x00000000eab00000)
  object space 42496K, 9% used [0x00000000c0000000,0x00000000c03ff098,0x00000000c2980000)
 Metaspace       used 6093K, capacity 7030K, committed 7296K, reserved 1056768K
  class space    used 608K, capacity 622K, committed 640K, reserved 1048576K

Card table byte_map: [0x00000000025d0000,0x00000000027e0000] byte_map_base: 0x0000000001fd0000

Marking Bits: (ParMarkBitMap*) 0x0000000066cea5b0
 Begin Bits: [0x0000000002d40000, 0x0000000003d40000)
 End Bits:   [0x0000000003d40000, 0x0000000004d40000)

Polling page: 0x0000000000710000

CodeCache: size=245760Kb used=5506Kb max_used=5521Kb free=240253Kb
 bounds [0x000000000f010000, 0x000000000f580000, 0x000000001e010000]
 total_blobs=1630 nmethods=1361 adapters=182
 compilation: enabled

Compilation events (10 events):
Event: 8.396 Thread 0x000000000593b800 nmethod 1375 0x000000000f56ced0 code [0x000000000f56d040, 0x000000000f56d3d0]
Event: 8.396 Thread 0x000000000593b800 1376       3       java.util.TreeMap$EntrySet::iterator (19 bytes)
Event: 8.396 Thread 0x000000000593b800 nmethod 1376 0x000000000f56d590 code [0x000000000f56d720, 0x000000000f56dc30]
Event: 8.396 Thread 0x000000000593b800 1377       3       java.util.TreeMap$EntryIterator::<init> (12 bytes)
Event: 8.397 Thread 0x000000000593b800 nmethod 1377 0x000000000f5692d0 code [0x000000000f569440, 0x000000000f5696b0]
Event: 8.494 Thread 0x00000000058df800 nmethod 1370 0x000000000f573310 code [0x000000000f573660, 0x000000000f575e40]
Event: 8.495 Thread 0x00000000058df800 1371       4       java.util.HashMap::resize (359 bytes)
Event: 8.512 Thread 0x00000000058df800 nmethod 1371 0x000000000f571750 code [0x000000000f5718e0, 0x000000000f571e58]
Event: 8.512 Thread 0x00000000058df800 1373   !   4       com.android.dx.rop.cst.CstType::intern (48 bytes)
Event: 8.550 Thread 0x00000000058df800 nmethod 1373 0x000000000f56e590 code [0x000000000f56e780, 0x000000000f56f6c8]

GC Heap History (4 events):
Event: 5.592 GC heap before
{Heap before GC invocations=1 (full 0):
 PSYoungGen      total 18432K, used 15872K [0x00000000eab00000, 0x00000000ebf80000, 0x0000000100000000)
  eden space 15872K, 100% used [0x00000000eab00000,0x00000000eba80000,0x00000000eba80000)
  from space 2560K, 0% used [0x00000000ebd00000,0x00000000ebd00000,0x00000000ebf80000)
  to   space 2560K, 0% used [0x00000000eba80000,0x00000000eba80000,0x00000000ebd00000)
 ParOldGen       total 42496K, used 0K [0x00000000c0000000, 0x00000000c2980000, 0x00000000eab00000)
  object space 42496K, 0% used [0x00000000c0000000,0x00000000c0000000,0x00000000c2980000)
 Metaspace       used 5807K, capacity 6768K, committed 7040K, reserved 1056768K
  class space    used 599K, capacity 616K, committed 640K, reserved 1048576K
Event: 5.674 GC heap after
Heap after GC invocations=1 (full 0):
 PSYoungGen      total 18432K, used 2551K [0x00000000eab00000, 0x00000000ecf00000, 0x0000000100000000)
  eden space 15872K, 0% used [0x00000000eab00000,0x00000000eab00000,0x00000000eba80000)
  from space 2560K, 99% used [0x00000000eba80000,0x00000000ebcfdc78,0x00000000ebd00000)
  to   space 2560K, 0% used [0x00000000ecc80000,0x00000000ecc80000,0x00000000ecf00000)
 ParOldGen       total 42496K, used 2061K [0x00000000c0000000, 0x00000000c2980000, 0x00000000eab00000)
  object space 42496K, 4% used [0x00000000c0000000,0x00000000c02037e8,0x00000000c2980000)
 Metaspace       used 5807K, capacity 6768K, committed 7040K, reserved 1056768K
  class space    used 599K, capacity 616K, committed 640K, reserved 1048576K
}
Event: 7.159 GC heap before
{Heap before GC invocations=2 (full 0):
 PSYoungGen      total 18432K, used 18423K [0x00000000eab00000, 0x00000000ecf00000, 0x0000000100000000)
  eden space 15872K, 100% used [0x00000000eab00000,0x00000000eba80000,0x00000000eba80000)
  from space 2560K, 99% used [0x00000000eba80000,0x00000000ebcfdc78,0x00000000ebd00000)
  to   space 2560K, 0% used [0x00000000ecc80000,0x00000000ecc80000,0x00000000ecf00000)
 ParOldGen       total 42496K, used 2061K [0x00000000c0000000, 0x00000000c2980000, 0x00000000eab00000)
  object space 42496K, 4% used [0x00000000c0000000,0x00000000c02037e8,0x00000000c2980000)
 Metaspace       used 6019K, capacity 6962K, committed 7040K, reserved 1056768K
  class space    used 602K, capacity 618K, committed 640K, reserved 1048576K
Event: 7.268 GC heap after
Heap after GC invocations=2 (full 0):
 PSYoungGen      total 34304K, used 2528K [0x00000000eab00000, 0x00000000ecf00000, 0x0000000100000000)
  eden space 31744K, 0% used [0x00000000eab00000,0x00000000eab00000,0x00000000eca00000)
  from space 2560K, 98% used [0x00000000ecc80000,0x00000000ecef8028,0x00000000ecf00000)
  to   space 2560K, 0% used [0x00000000eca00000,0x00000000eca00000,0x00000000ecc80000)
 ParOldGen       total 42496K, used 4092K [0x00000000c0000000, 0x00000000c2980000, 0x00000000eab00000)
  object space 42496K, 9% used [0x00000000c0000000,0x00000000c03ff098,0x00000000c2980000)
 Metaspace       used 6019K, capacity 6962K, committed 7040K, reserved 1056768K
  class space    used 602K, capacity 618K, committed 640K, reserved 1048576K
}

Deoptimization events (10 events):
Event: 7.282 Thread 0x0000000007abe800 Uncommon trap: reason=bimorphic action=maybe_recompile pc=0x000000000f373074 method=java.util.HashMap.getNode(ILjava/lang/Object;)Ljava/util/HashMap$Node; @ 126
Event: 7.282 Thread 0x0000000007abe800 Uncommon trap: reason=class_check action=maybe_recompile pc=0x000000000f4ee554 method=java.util.HashMap.putVal(ILjava/lang/Object;Ljava/lang/Object;ZZ)Ljava/lang/Object; @ 203
Event: 8.201 Thread 0x0000000007a4c800 Uncommon trap: reason=class_check action=maybe_recompile pc=0x000000000f4abf48 method=java.util.Arrays.hashCode([Ljava/lang/Object;)I @ 43
Event: 8.201 Thread 0x0000000007a4c800 Uncommon trap: reason=class_check action=maybe_recompile pc=0x000000000f4abf48 method=java.util.Arrays.hashCode([Ljava/lang/Object;)I @ 43
Event: 8.201 Thread 0x0000000007a4c800 Uncommon trap: reason=class_check action=maybe_recompile pc=0x000000000f4abf48 method=java.util.Arrays.hashCode([Ljava/lang/Object;)I @ 43
Event: 8.201 Thread 0x0000000007a4c800 Uncommon trap: reason=class_check action=maybe_recompile pc=0x000000000f4abf48 method=java.util.Arrays.hashCode([Ljava/lang/Object;)I @ 43
Event: 8.202 Thread 0x0000000007a4c800 Uncommon trap: reason=class_check action=maybe_recompile pc=0x000000000f4a2668 method=java.util.Arrays.hashCode([Ljava/lang/Object;)I @ 43
Event: 8.216 Thread 0x0000000007a4c800 Uncommon trap: reason=class_check action=maybe_recompile pc=0x000000000f4ee554 method=java.util.HashMap.putVal(ILjava/lang/Object;Ljava/lang/Object;ZZ)Ljava/lang/Object; @ 203
Event: 8.219 Thread 0x0000000007a4c800 Uncommon trap: reason=unstable_if action=reinterpret pc=0x000000000f4ee50c method=java.util.HashMap.putVal(ILjava/lang/Object;Ljava/lang/Object;ZZ)Ljava/lang/Object; @ 94
Event: 8.279 Thread 0x0000000007a4c800 Uncommon trap: reason=unstable_if action=reinterpret pc=0x000000000f5639c0 method=com.android.dx.dex.code.OutputFinisher.addConstants(Ljava/util/HashSet;Lcom/android/dx/rop/code/RegisterSpec;)V @ 57

Internal exceptions (2 events):
Event: 1.492 Thread 0x0000000002110800 Exception <a 'java/lang/NoSuchMethodError': Method sun.misc.Unsafe.defineClass(Ljava/lang/String;[BII)Ljava/lang/Class; name or signature does not match> (0x00000000eab0d5e8) thrown at [C:\re\workspace\8-2-build-windows-amd64-cygwin\jdk8u66\5298\hotspot\sr&О"=Сої?
Event: 1.492 Thread 0x0000000002110800 Exception <a 'java/lang/NoSuchMethodError': Method sun.misc.Unsafe.prefetchRead(Ljava/lang/Object;J)V name or signature does not match> (0x00000000eab0d8d0) thrown at [C:\re\workspace\8-2-build-windows-amd64-cygwin\jdk8u66\5298\hotspot\src\share\vm\prims\j

Events (10 events):
Event: 8.216 Thread 0x0000000007a4c800 DEOPT PACKING pc=0x000000000f4ee554 sp=0x0000000009c3e820
Event: 8.216 Thread 0x0000000007a4c800 DEOPT UNPACKING pc=0x000000000f05582a sp=0x0000000009c3e7a8 mode 2
Event: 8.219 Thread 0x0000000007a4c800 Uncommon trap: trap_request=0xffffff65 fr.pc=0x000000000f4ee50c
Event: 8.219 Thread 0x0000000007a4c800 DEOPT PACKING pc=0x000000000f4ee50c sp=0x0000000009c3e7b0
Event: 8.219 Thread 0x0000000007a4c800 DEOPT UNPACKING pc=0x000000000f05582a sp=0x0000000009c3e740 mode 2
Event: 8.222 loading class com/android/dx/dex/file/CatchStructs
Event: 8.222 loading class com/android/dx/dex/file/CatchStructs done
Event: 8.279 Thread 0x0000000007a4c800 Uncommon trap: trap_request=0xffffff65 fr.pc=0x000000000f5639c0
Event: 8.279 Thread 0x0000000007a4c800 DEOPT PACKING pc=0x000000000f5639c0 sp=0x0000000009c3e860
Event: 8.279 Thread 0x0000000007a4c800 DEOPT UNPACKING pc=0x000000000f05582a sp=0x0000000009c3e828 mode 2


Dynamic libraries:
0x00007ff621680000 - 0x00007ff6216b7000 	C:\Program Files\Java\jdk1.8.0_66\bin\java.exe
0x00007ffc56740000 - 0x00007ffc56901000 	C:\WINDOWS\SYSTEM32\ntdll.dll
0x00007ffc55920000 - 0x00007ffc559cd000 	C:\WINDOWS\system32\KERNEL32.DLL
0x00007ffc538a0000 - 0x00007ffc53a88000 	C:\WINDOWS\system32\KERNELBASE.dll
0x00007ffc55d90000 - 0x00007ffc55e37000 	C:\WINDOWS\system32\ADVAPI32.dll
0x00007ffc559d0000 - 0x00007ffc55a6d000 	C:\WINDOWS\system32\msvcrt.dll
0x00007ffc55e40000 - 0x00007ffc55e9b000 	C:\WINDOWS\system32\sechost.dll
0x00007ffc53b50000 - 0x00007ffc53c6c000 	C:\WINDOWS\system32\RPCRT4.dll
0x00007ffc55bc0000 - 0x00007ffc55d16000 	C:\WINDOWS\system32\USER32.dll
0x00007ffc56070000 - 0x00007ffc561f6000 	C:\WINDOWS\system32\GDI32.dll
0x00007ffc48fb0000 - 0x00007ffc49224000 	C:\WINDOWS\WinSxS\amd64_microsoft.windows.common-controls_6595b64144ccf1df_6.0.10586.0_none_8c15ae12515e1c22\COMCTL32.dll
0x00007ffc562b0000 - 0x00007ffc5652d000 	C:\WINDOWS\system32\combase.dll
0x00007ffc531e0000 - 0x00007ffc5324a000 	C:\WINDOWS\system32\bcryptPrimitives.dll
0x00007ffc55b80000 - 0x00007ffc55bbb000 	C:\WINDOWS\system32\IMM32.DLL
0x00007ffc52c50000 - 0x00007ffc52c81000 	C:\Windows\system32\nvinitx.dll
0x00007ffc52c40000 - 0x00007ffc52c4a000 	C:\WINDOWS\SYSTEM32\VERSION.dll
0x000000000f000000 - 0x000000000f006000 	C:\Program Files\NVIDIA Corporation\CoProcManager\_etoured.dll
0x00007ffc50750000 - 0x00007ffc50782000 	C:\Program Files\NVIDIA Corporation\CoProcManager\nvd3d9wrapx.dll
0x00007ffc53dc0000 - 0x00007ffc541e9000 	C:\WINDOWS\system32\SETUPAPI.dll
0x00007ffc52df0000 - 0x00007ffc52e33000 	C:\WINDOWS\system32\CFGMGR32.dll
0x00007ffc50720000 - 0x00007ffc50742000 	C:\Program Files\NVIDIA Corporation\CoProcManager\nvdxgiwrapx.dll
0x00000000659a0000 - 0x0000000065a72000 	C:\Program Files\Java\jdk1.8.0_66\jre\bin\msvcr100.dll
0x00000000664e0000 - 0x0000000066d69000 	C:\Program Files\Java\jdk1.8.0_66\jre\bin\server\jvm.dll
0x00007ffc56720000 - 0x00007ffc56728000 	C:\WINDOWS\system32\PSAPI.DLL
0x00007ffc36140000 - 0x00007ffc36149000 	C:\WINDOWS\SYSTEM32\WSOCK32.dll
0x00007ffc55d20000 - 0x00007ffc55d8b000 	C:\WINDOWS\system32\WS2_32.dll
0x00007ffc51490000 - 0x00007ffc514b3000 	C:\WINDOWS\SYSTEM32\WINMM.dll
0x00007ffc51460000 - 0x00007ffc5148c000 	C:\WINDOWS\SYSTEM32\WINMMBASE.dll
0x00000000664d0000 - 0x00000000664df000 	C:\Program Files\Java\jdk1.8.0_66\jre\bin\verify.dll
0x00000000664a0000 - 0x00000000664c9000 	C:\Program Files\Java\jdk1.8.0_66\jre\bin\java.dll
0x0000000066480000 - 0x0000000066496000 	C:\Program Files\Java\jdk1.8.0_66\jre\bin\zip.dll
0x00007ffc543c0000 - 0x00007ffc5591c000 	C:\WINDOWS\system32\SHELL32.dll
0x0000000006d20000 - 0x0000000007365000 	C:\WINDOWS\system32\windows.storage.dll
0x00007ffc566c0000 - 0x00007ffc56712000 	C:\WINDOWS\system32\shlwapi.dll
0x00007ffc52d60000 - 0x00007ffc52d6f000 	C:\WINDOWS\system32\kernel.appcore.dll
0x00007ffc52e60000 - 0x00007ffc52f15000 	C:\WINDOWS\system32\shcore.dll
0x00007ffc52da0000 - 0x00007ffc52deb000 	C:\WINDOWS\system32\powrprof.dll
0x00007ffc52d70000 - 0x00007ffc52d84000 	C:\WINDOWS\system32\profapi.dll

VM Arguments:
jvm_args: -Djava.awt.headless=true -Xmx1024M -Dfile.encoding=windows-1252 -Duser.country=US -Duser.language=en -Duser.variant 
java_command: com.android.dx.command.Main --dex --force-jumbo --num-threads=4 --multi-dex --output C:\Users\dewi_\Documents\GitHub\udacity_android_iak\SunshineLesson1\app\build\intermediates\transforms\dex\debug\folders\1000\10\com.android.support-support-vector-drawable-23.3.0_c3ecad356dabb3e9a6a5e130c704f660b717e08c C:\Users\dewi_\Documents\GitHub\udacity_android_iak\SunshineLesson1\app\build\intermediates\exploded-aar\com.android.support\support-vector-drawable\23.3.0\jars\classes.jar
java_class_path (initial): I:\adt-bundle-windows-x86_64-20130219\sdk\build-tools\24.0.0-preview\lib\dx.jar
Launcher Type: SUN_STANDARD

Environment Variables:
CLASSPATH=C:\Program Files\Java\jdk1.8.0_66\lib\tools.jar
PATH=C:\Python27\;C:\Python27\Scripts;C:\ProgramData\Oracle\Java\javapath;C:\WINDOWS\system32;C:\WINDOWS;C:\WINDOWS\System32\Wbem;C:\WINDOWS\System32\WindowsPowerShell\v1.0\;C:\HashiCorp\Vagrant\bin;C:\xampp\php;C:\ProgramData\ComposerSetup\bin;C:\Users\dewi_\AppData\Roaming\Composer\vendor\bin;C:\Program Files;C:\Users\dewi_\AppData\Local\Programs\Git;C:\Program Files\Java\jdk1.8.0_66\bin;C:\Users\dewi_\AppData\Roaming\Composer\vendor\bin;C:\Users\dewi_\laravel\.homestead
USERNAME=dewi_
OS=Windows_NT
PROCESSOR_IDENTIFIER=Intel64 Family 6 Model 58 Stepping 9, GenuineIntel



---------------  S Y S T E M  ---------------

OS: Windows 10.0 , 64 bit Build 10586 (10.0.10586.0)

CPU:total 4 (2 cores per cpu, 2 threads per core) family 6 model 58 stepping 9, cmov, cx8, fxsr, mmx, sse, sse2, sse3, ssse3, sse4.1, sse4.2, popcnt, avx, clmul, erms, ht, tsc, tscinvbit, tscinv

Memory: 4k page, physical 4054400k(316420k free), swap 7892288k(12628k free)

vm_info: Java HotSpot(TM) 64-Bit Server VM (25.66-b18) for windows-amd64 JRE (1.8.0_66-b18), built on Nov  9 2015 10:51:13 by "java_re" with MS VC++ 10.0 (VS2010)

time: Tue May 10 00:48:57 2016
elapsed time: 8 seconds (0d 0h 0m 8s)

